<?xml version="1.0" encoding="UTF-8"?>
<!-- Generated by org.testng.reporters.JUnitReportReporter -->
<testsuite hostname="DESKTOP-PF0PCKO" failures="0" tests="1" name="myproject.EditAccount" time="49.962" errors="0" timestamp="2024-05-29T17:53:35 IST" skipped="0">
  <testcase classname="myproject.EditAccount" name="CreateAccount" time="49.962"/>
  <system-out/>
</testsuite> <!-- myproject.EditAccount -->
