<?xml version="1.0" encoding="UTF-8"?>
<!-- Generated by org.testng.reporters.JUnitReportReporter -->
<testsuite hostname="DESKTOP-PF0PCKO" failures="0" tests="1" name="myproject.MenFilters" time="46.682" errors="0" timestamp="2024-05-30T16:38:04 IST" skipped="0">
  <testcase classname="myproject.MenFilters" name="FilteringMensBottoms" time="46.682"/>
  <system-out/>
</testsuite> <!-- myproject.MenFilters -->
