<?xml version="1.0" encoding="UTF-8"?>
<!-- Generated by org.testng.reporters.JUnitReportReporter -->
<testsuite hostname="DESKTOP-PF0PCKO" failures="0" tests="1" name="myproject.Men2" time="37.770" errors="0" timestamp="2024-05-30T17:27:07 IST" skipped="0">
  <testcase classname="myproject.Men2" name="Pages" time="37.770"/>
  <system-out/>
</testsuite> <!-- myproject.Men2 -->
