<?xml version="1.0" encoding="UTF-8"?>
<!-- Generated by org.testng.reporters.JUnitReportReporter -->
<testsuite hostname="DESKTOP-PF0PCKO" failures="0" tests="1" name="myproject.SearchTerms" time="27.501" errors="0" timestamp="2024-05-30T17:32:08 IST" skipped="0">
  <testcase classname="myproject.SearchTerms" name="Terms" time="27.501"/>
  <system-out/>
</testsuite> <!-- myproject.SearchTerms -->
