<?xml version="1.0" encoding="UTF-8"?>
<!-- Generated by org.testng.reporters.JUnitReportReporter -->
<testsuite hostname="DESKTOP-PF0PCKO" failures="0" tests="1" name="myproject.MyAccount" time="42.958" errors="0" timestamp="2024-05-29T17:22:54 IST" skipped="0">
  <testcase classname="myproject.MyAccount" name="CreateAccount" time="42.958"/>
  <system-out/>
</testsuite> <!-- myproject.MyAccount -->
