<?xml version="1.0" encoding="UTF-8"?>
<!-- Generated by org.testng.reporters.JUnitReportReporter -->
<testsuite hostname="DESKTOP-PF0PCKO" failures="0" tests="1" name="myproject.WishlistToCart" time="35.709" errors="0" timestamp="2024-05-30T16:11:59 IST" skipped="0">
  <testcase classname="myproject.WishlistToCart" name="AddingAllToCartFromWishlist" time="35.709"/>
  <system-out/>
</testsuite> <!-- myproject.WishlistToCart -->
