<?xml version="1.0" encoding="UTF-8"?>
<!-- Generated by org.testng.reporters.JUnitReportReporter -->
<testsuite hostname="DESKTOP-PF0PCKO" failures="0" tests="1" name="myproject.MensShop" time="49.032" errors="0" timestamp="2024-05-30T16:00:45 IST" skipped="0">
  <testcase classname="myproject.MensShop" name="ShopTees" time="49.032"/>
  <system-out/>
</testsuite> <!-- myproject.MensShop -->
