<?xml version="1.0" encoding="UTF-8"?>
<!-- Generated by org.testng.reporters.JUnitReportReporter -->
<testsuite hostname="DESKTOP-PF0PCKO" failures="0" tests="1" name="myproject.GetTitle" time="14.225" errors="0" timestamp="2024-05-30T17:38:43 IST" skipped="0">
  <testcase classname="myproject.GetTitle" name="Title" time="14.225"/>
  <system-out/>
</testsuite> <!-- myproject.GetTitle -->
