<?xml version="1.0" encoding="UTF-8"?>
<!-- Generated by org.testng.reporters.JUnitReportReporter -->
<testsuite hostname="DESKTOP-PF0PCKO" failures="0" tests="1" name="myproject.Search" time="40.569" errors="0" timestamp="2024-05-29T18:31:05 IST" skipped="0">
  <testcase classname="myproject.Search" name="CreateAccount" time="40.569"/>
  <system-out/>
</testsuite> <!-- myproject.Search -->
