<?xml version="1.0" encoding="UTF-8"?>
<!-- Generated by org.testng.reporters.JUnitReportReporter -->
<testsuite hostname="DESKTOP-PF0PCKO" failures="0" tests="1" name="myproject.Sort" time="44.344" errors="0" timestamp="2024-05-30T15:32:13 IST" skipped="0">
  <testcase classname="myproject.Sort" name="SortBySize" time="44.344"/>
  <system-out/>
</testsuite> <!-- myproject.Sort -->
