<?xml version="1.0" encoding="UTF-8"?>
<!-- Generated by org.testng.reporters.JUnitReportReporter -->
<testsuite hostname="DESKTOP-PF0PCKO" failures="0" tests="1" name="myproject.EditAndDelete2" time="33.551" errors="0" timestamp="2024-05-30T18:08:55 IST" skipped="0">
  <testcase classname="myproject.EditAndDelete2" name="Delete" time="33.551"/>
  <system-out/>
</testsuite> <!-- myproject.EditAndDelete2 -->
