<?xml version="1.0" encoding="UTF-8"?>
<!-- Generated by org.testng.reporters.JUnitReportReporter -->
<testsuite hostname="DESKTOP-PF0PCKO" failures="0" tests="1" name="myproject.OfferImages" time="51.125" errors="0" timestamp="2024-05-30T14:52:06 IST" skipped="0">
  <testcase classname="myproject.OfferImages" name="NavigateToBack" time="51.125"/>
  <system-out/>
</testsuite> <!-- myproject.OfferImages -->
