<?xml version="1.0" encoding="UTF-8"?>
<!-- Generated by org.testng.reporters.JUnitReportReporter -->
<testsuite hostname="DESKTOP-PF0PCKO" failures="0" tests="1" name="myproject.Navigation" time="39.638" errors="0" timestamp="2024-05-29T19:01:55 IST" skipped="0">
  <testcase classname="myproject.Navigation" name="CreateAccount" time="39.638"/>
  <system-out/>
</testsuite> <!-- myproject.Navigation -->
