<?xml version="1.0" encoding="UTF-8"?>
<!-- Generated by org.testng.reporters.JUnitReportReporter -->
<testsuite hostname="DESKTOP-PF0PCKO" failures="0" tests="1" name="myproject.Women2" time="48.255" errors="0" timestamp="2024-05-30T18:57:36 IST" skipped="0">
  <testcase classname="myproject.Women2" name="Next" time="48.255"/>
  <system-out/>
</testsuite> <!-- myproject.Women2 -->
