<?xml version="1.0" encoding="UTF-8"?>
<!-- Generated by org.testng.reporters.JUnitReportReporter -->
<testsuite hostname="DESKTOP-PF0PCKO" failures="0" tests="1" name="myproject.wishlist" time="48.186" errors="0" timestamp="2024-05-29T18:51:35 IST" skipped="0">
  <testcase classname="myproject.wishlist" name="CreateAccount" time="48.186"/>
  <system-out/>
</testsuite> <!-- myproject.wishlist -->
