<?xml version="1.0" encoding="UTF-8"?>
<!-- Generated by org.testng.reporters.JUnitReportReporter -->
<testsuite hostname="DESKTOP-PF0PCKO" failures="0" tests="1" name="myproject.EditAndDelete" time="38.721" errors="0" timestamp="2024-05-30T17:57:15 IST" skipped="0">
  <testcase classname="myproject.EditAndDelete" name="Edit" time="38.721"/>
  <system-out/>
</testsuite> <!-- myproject.EditAndDelete -->
