<?xml version="1.0" encoding="UTF-8"?>
<!-- Generated by org.testng.reporters.JUnitReportReporter -->
<testsuite hostname="DESKTOP-PF0PCKO" failures="0" tests="1" name="myproject.Program1" time="34.284" errors="0" timestamp="2024-05-29T16:33:30 IST" skipped="0">
  <testcase classname="myproject.Program1" name="CreateAccount" time="34.284"/>
  <system-out/>
</testsuite> <!-- myproject.Program1 -->
