<?xml version="1.0" encoding="UTF-8"?>
<!-- Generated by org.testng.reporters.JUnitReportReporter -->
<testsuite hostname="DESKTOP-PF0PCKO" failures="0" tests="1" name="myproject.Men" time="33.936" errors="0" timestamp="2024-05-30T15:43:58 IST" skipped="0">
  <testcase classname="myproject.Men" name="Menscategory" time="33.936"/>
  <system-out/>
</testsuite> <!-- myproject.Men -->
