<?xml version="1.0" encoding="UTF-8"?>
<!-- Generated by org.testng.reporters.JUnitReportReporter -->
<testsuite hostname="DESKTOP-PF0PCKO" failures="0" tests="1" name="myproject.Logo" time="26.977" errors="0" timestamp="2024-05-30T18:25:20 IST" skipped="0">
  <testcase classname="myproject.Logo" name="Title" time="26.977"/>
  <system-out/>
</testsuite> <!-- myproject.Logo -->
