<?xml version="1.0" encoding="UTF-8"?>
<!-- Generated by org.testng.reporters.JUnitReportReporter -->
<testsuite hostname="DESKTOP-PF0PCKO" failures="0" tests="1" name="myproject.wishlistToCart1" time="38.722" errors="0" timestamp="2024-05-30T16:27:08 IST" skipped="0">
  <testcase classname="myproject.wishlistToCart1" name="AddingToCartFromWishlist" time="38.722"/>
  <system-out/>
</testsuite> <!-- myproject.wishlistToCart1 -->
