<?xml version="1.0" encoding="UTF-8"?>
<!-- Generated by org.testng.reporters.JUnitReportReporter -->
<testsuite hostname="DESKTOP-PF0PCKO" failures="0" tests="1" name="myproject.SignIn" time="25.629" errors="0" timestamp="2024-05-29T16:54:33 IST" skipped="0">
  <testcase classname="myproject.SignIn" name="CreateAccount" time="25.629"/>
  <system-out/>
</testsuite> <!-- myproject.SignIn -->
