<?xml version="1.0" encoding="UTF-8"?>
<!-- Generated by org.testng.reporters.JUnitReportReporter -->
<testsuite hostname="DESKTOP-PF0PCKO" failures="0" tests="1" name="myproject.Filters" time="44.612" errors="0" timestamp="2024-05-30T15:14:52 IST" skipped="0">
  <testcase classname="myproject.Filters" name="NavigateToBack" time="44.612"/>
  <system-out/>
</testsuite> <!-- myproject.Filters -->
